Performing C SOURCE FILE Test CMAKE_HAVE_LIBC_PTHREAD failed with the following output:
Change Dir: /home/giofnk/CLionProjects/LabProgrammazione-master (copia)/cmake-build-debug/CMakeFiles/CMakeTmp

Run Build Command(s):/usr/bin/gmake cmTC_268d2/fast && /usr/bin/gmake -f CMakeFiles/cmTC_268d2.dir/build.make CMakeFiles/cmTC_268d2.dir/build
gmake[1]: ingresso nella directory "/home/giofnk/CLionProjects/LabProgrammazione-master (copia)/cmake-build-debug/CMakeFiles/CMakeTmp"
Building C object CMakeFiles/cmTC_268d2.dir/src.c.o
/usr/bin/cc   -DCMAKE_HAVE_LIBC_PTHREAD   -o CMakeFiles/cmTC_268d2.dir/src.c.o   -c "/home/giofnk/CLionProjects/LabProgrammazione-master (copia)/cmake-build-debug/CMakeFiles/CMakeTmp/src.c"
Linking C executable cmTC_268d2
/home/giofnk/Documenti/CLion-2019.3.3/clion-2019.3.3/bin/cmake/linux/bin/cmake -E cmake_link_script CMakeFiles/cmTC_268d2.dir/link.txt --verbose=1
/usr/bin/cc  -DCMAKE_HAVE_LIBC_PTHREAD    -rdynamic CMakeFiles/cmTC_268d2.dir/src.c.o  -o cmTC_268d2 
/usr/bin/ld: CMakeFiles/cmTC_268d2.dir/src.c.o: in function `main':
src.c:(.text+0x2d): undefined reference to `pthread_create'
/usr/bin/ld: src.c:(.text+0x39): undefined reference to `pthread_detach'
/usr/bin/ld: src.c:(.text+0x4a): undefined reference to `pthread_join'
collect2: error: ld returned 1 exit status
gmake[1]: *** [CMakeFiles/cmTC_268d2.dir/build.make:87: cmTC_268d2] Error 1
gmake[1]: uscita dalla directory "/home/giofnk/CLionProjects/LabProgrammazione-master (copia)/cmake-build-debug/CMakeFiles/CMakeTmp"
gmake: *** [Makefile:121: cmTC_268d2/fast] Error 2


Source file was:
#include <pthread.h>

void* test_func(void* data)
{
  return data;
}

int main(void)
{
  pthread_t thread;
  pthread_create(&thread, NULL, test_func, NULL);
  pthread_detach(thread);
  pthread_join(thread, NULL);
  pthread_atfork(NULL, NULL, NULL);
  pthread_exit(NULL);

  return 0;
}

Determining if the function pthread_create exists in the pthreads failed with the following output:
Change Dir: /home/giofnk/CLionProjects/LabProgrammazione-master (copia)/cmake-build-debug/CMakeFiles/CMakeTmp

Run Build Command(s):/usr/bin/gmake cmTC_34d9b/fast && /usr/bin/gmake -f CMakeFiles/cmTC_34d9b.dir/build.make CMakeFiles/cmTC_34d9b.dir/build
gmake[1]: ingresso nella directory "/home/giofnk/CLionProjects/LabProgrammazione-master (copia)/cmake-build-debug/CMakeFiles/CMakeTmp"
Building C object CMakeFiles/cmTC_34d9b.dir/CheckFunctionExists.c.o
/usr/bin/cc   -DCHECK_FUNCTION_EXISTS=pthread_create   -o CMakeFiles/cmTC_34d9b.dir/CheckFunctionExists.c.o   -c /home/giofnk/Documenti/CLion-2019.3.3/clion-2019.3.3/bin/cmake/linux/share/cmake-3.15/Modules/CheckFunctionExists.c
Linking C executable cmTC_34d9b
/home/giofnk/Documenti/CLion-2019.3.3/clion-2019.3.3/bin/cmake/linux/bin/cmake -E cmake_link_script CMakeFiles/cmTC_34d9b.dir/link.txt --verbose=1
/usr/bin/cc  -DCHECK_FUNCTION_EXISTS=pthread_create    -rdynamic CMakeFiles/cmTC_34d9b.dir/CheckFunctionExists.c.o  -o cmTC_34d9b -lpthreads 
/usr/bin/ld: impossibile trovare -lpthreads
collect2: error: ld returned 1 exit status
gmake[1]: *** [CMakeFiles/cmTC_34d9b.dir/build.make:87: cmTC_34d9b] Error 1
gmake[1]: uscita dalla directory "/home/giofnk/CLionProjects/LabProgrammazione-master (copia)/cmake-build-debug/CMakeFiles/CMakeTmp"
gmake: *** [Makefile:121: cmTC_34d9b/fast] Error 2



